已加载 11 只基金，开始获取详细信息。
正在获取基金 000216 的详细信息...
正在获取基金 000628 的详细信息...
正在获取基金 001878 的详细信息...
正在获取基金 001186 的详细信息...
正在获取基金 000041 的详细信息...
基金 001878 持仓信息获取失败: 请求失败: 404, message='Not Found', url='https://fundf10.eastmoney.com/FundHoldings.html?fundCode=001878'
正在获取基金 001552 的详细信息...
基金 000041 持仓信息获取失败: 请求失败: 404, message='Not Found', url='https://fundf10.eastmoney.com/FundHoldings.html?fundCode=000041'
正在获取基金 001553 的详细信息...
基金 001186 持仓信息获取失败: 请求失败: 404, message='Not Found', url='https://fundf10.eastmoney.com/FundHoldings.html?fundCode=001186'
正在获取基金 001469 的详细信息...
基金 000216 持仓信息获取失败: 请求失败: 404, message='Not Found', url='https://fundf10.eastmoney.com/FundHoldings.html?fundCode=000216'
正在获取基金 002980 的详细信息...
基金 000628 持仓信息获取失败: 请求失败: 404, message='Not Found', url='https://fundf10.eastmoney.com/FundHoldings.html?fundCode=000628'
正在获取基金 000457 的详细信息...
基金 001552 持仓信息获取失败: 请求失败: 404, message='Not Found', url='https://fundf10.eastmoney.com/FundHoldings.html?fundCode=001552'
正在获取基金 003290 的详细信息...
基金 002980 持仓信息获取失败: 请求失败: 404, message='Not Found', url='https://fundf10.eastmoney.com/FundHoldings.html?fundCode=002980'
基金 001469 持仓信息获取失败: 请求失败: 404, message='Not Found', url='https://fundf10.eastmoney.com/FundHoldings.html?fundCode=001469'
基金 000457 持仓信息获取失败: 请求失败: 404, message='Not Found', url='https://fundf10.eastmoney.com/FundHoldings.html?fundCode=000457'
基金 003290 持仓信息获取失败: 请求失败: 404, message='Not Found', url='https://fundf10.eastmoney.com/FundHoldings.html?fundCode=003290'
基金 001553 持仓信息获取失败: 请求失败: 404, message='Not Found', url='https://fundf10.eastmoney.com/FundHoldings.html?fundCode=001553'

成功获取并保存 11 只基金的详细信息至 fund_details_enriched.csv

部分详细信息预览：
     基金代码       基金名称 基金经理 前十大持仓  综合评分
0  000216  广发百发100指数  许之彦  None  1.49
1  000628  中欧丰泓沪港深混合   刘旭  None  0.76
2  001878     兴全合润混合  张金涛  None  0.72
3  001186   富国中证军工指数   林庆  None  0.72
4  000041   华夏大盘精选混合  李湘杰  None  0.58
