>>> 程序启动：正在初始化基金筛选工具...
>>> 步骤1: 正在动态获取全市场基金列表...
    √ 成功获取到 24995 只基金。
--- 可用的基金类型：
    - 
    - FOF-均衡型
    - FOF-稳健型
    - FOF-进取型
    - QDII-FOF
    - QDII-REITs
    - QDII-商品
    - QDII-普通股票
    - QDII-混合债
    - QDII-混合偏股
    - QDII-混合平衡
    - QDII-混合灵活
    - QDII-纯债
    - REITs
    - Reits
    - 债券型-中短债
    - 债券型-混合一级
    - 债券型-混合二级
    - 债券型-长债
    - 商品
    - 指数型-其他
    - 指数型-固收
    - 指数型-海外股票
    - 指数型-股票
    - 混合型-偏债
    - 混合型-偏股
    - 混合型-平衡
    - 混合型-灵活
    - 混合型-绝对收益
    - 股票型
    - 货币型-普通货币
    - 货币型-浮动净值
---
